  Compiling CUDA source file kernel.cu...
  
  C:\Users\Adriel Teng\source\repos\CEPARCO-Group-1-Integrating-Project\Milestone 3>"C:\Program Files\NVIDIA GPU Computing Toolkit\CUDA\v12.5\bin\nvcc.exe" -gencode=arch=compute_52,code=\"sm_52,compute_52\" --use-local-env -ccbin "E:\Programming\Software\Visual Studio\IDE\VC\Tools\MSVC\14.39.33519\bin\HostX64\x64" -x cu   -I"C:\Program Files\NVIDIA GPU Computing Toolkit\CUDA\v12.5\include" -I"C:\Program Files\NVIDIA GPU Computing Toolkit\CUDA\v12.5\include"     --keep-dir DFT\x64\Release  -maxrregcount=0   --machine 64 --compile -cudart static    -DWIN32 -DWIN64 -DNDEBUG -D_CONSOLE -D_MBCS -Xcompiler "/EHsc /W3 /nologo /O2 /FS   /MD " -Xcompiler "/FdDFT\x64\Release\vc143.pdb" -o "C:\Users\Adriel Teng\source\repos\CEPARCO-Group-1-Integrating-Project\Milestone 3\DFT\x64\Release\kernel.cu.obj" "C:\Users\Adriel Teng\source\repos\CEPARCO-Group-1-Integrating-Project\Milestone 3\kernel.cu" 
C:\Users\Adriel Teng\source\repos\CEPARCO-Group-1-Integrating-Project\Milestone 3\kernel.cu(53): warning #177-D: variable "ElapsedMicroseconds" was declared but never referenced
        LARGE_INTEGER StartingTime, EndingTime, ElapsedMicroseconds;
                                                ^
  
  Remark: The warnings can be suppressed with "-diag-suppress <warning-number>"
  
  kernel.cu
  tmpxft_00002af0_00000000-7_kernel.cudafe1.cpp
C:\Users\Adriel Teng\source\repos\CEPARCO-Group-1-Integrating-Project\Milestone 3\kernel.cu(98): warning C4477: 'printf' : format string '%lu' requires an argument of type 'unsigned long', but variadic argument 1 has type 'const size_t'
  C:\Users\Adriel Teng\source\repos\CEPARCO-Group-1-Integrating-Project\Milestone 3\kernel.cu(98): note: consider using '%zu' in the format string
C:\Users\Adriel Teng\source\repos\CEPARCO-Group-1-Integrating-Project\Milestone 3\kernel.cu(99): warning C4477: 'printf' : format string '%lu' requires an argument of type 'unsigned long', but variadic argument 1 has type 'size_t'
  C:\Users\Adriel Teng\source\repos\CEPARCO-Group-1-Integrating-Project\Milestone 3\kernel.cu(99): note: consider using '%zu' in the format string
C:\Users\Adriel Teng\source\repos\CEPARCO-Group-1-Integrating-Project\Milestone 3\kernel.cu(99): warning C4477: 'printf' : format string '%lu' requires an argument of type 'unsigned long', but variadic argument 2 has type 'size_t'
  C:\Users\Adriel Teng\source\repos\CEPARCO-Group-1-Integrating-Project\Milestone 3\kernel.cu(99): note: consider using '%zu' in the format string
C:\Users\Adriel Teng\source\repos\CEPARCO-Group-1-Integrating-Project\Milestone 3\kernel.cu(102): warning C4267: 'argument': conversion from 'size_t' to 'unsigned int', possible loss of data
C:\Users\Adriel Teng\source\repos\CEPARCO-Group-1-Integrating-Project\Milestone 3\kernel.cu(102): warning C4267: 'argument': conversion from 'size_t' to 'unsigned int', possible loss of data
C:\Users\Adriel Teng\source\repos\CEPARCO-Group-1-Integrating-Project\Milestone 3\kernel.cu(130): warning C4267: 'argument': conversion from 'size_t' to 'unsigned int', possible loss of data
C:\Users\Adriel Teng\source\repos\CEPARCO-Group-1-Integrating-Project\Milestone 3\kernel.cu(130): warning C4267: 'argument': conversion from 'size_t' to 'unsigned int', possible loss of data
C:\Users\Adriel Teng\source\repos\CEPARCO-Group-1-Integrating-Project\Milestone 3\kernel.cu(53): warning C4101: 'ElapsedMicroseconds': unreferenced local variable
     Creating library C:\Users\Adriel Teng\source\repos\CEPARCO-Group-1-Integrating-Project\Milestone 3\x64\Release\DFT.lib and object C:\Users\Adriel Teng\source\repos\CEPARCO-Group-1-Integrating-Project\Milestone 3\x64\Release\DFT.exp
LINK : warning LNK4098: defaultlib 'LIBCMT' conflicts with use of other libs; use /NODEFAULTLIB:library
  LINK : /LTCG specified but no code generation required; remove /LTCG from the link command line to improve linker performance
  DFT.vcxproj -> C:\Users\Adriel Teng\source\repos\CEPARCO-Group-1-Integrating-Project\Milestone 3\x64\Release\DFT.exe
